Using pre-set license
Built from '2020.3/release' branch; Version is '2020.3.31f1 (6b54b7616050) revision 7034039'; Using compiler version '192528614'; Build Type 'Release'
OS: 'Windows 10  (10.0.19044) 64bit Professional' Language: 'zh' Physical Memory: 32625 MB
BatchMode: 1, IsHumanControllingUs: 0, StartBugReporterOnCrash: 0, Is64bit: 1, IsPro: 0

COMMAND LINE ARGUMENTS:
C:\Program Files\Unity\Hub\Editor\2020.3.31f1\Editor\Unity.exe
-adb2
-batchMode
-noUpm
-name
AssetImportWorker0
-projectPath
C:/KID/Projects/Unity/Unity_Demo_Fungus_20220415/Unity_Demo_Fungus_20220415
-logFile
Logs/AssetImportWorker0.log
-srvPort
11238
Successfully changed project path to: C:/KID/Projects/Unity/Unity_Demo_Fungus_20220415/Unity_Demo_Fungus_20220415
C:/KID/Projects/Unity/Unity_Demo_Fungus_20220415/Unity_Demo_Fungus_20220415
Using Asset Import Pipeline V2.
Refreshing native plugins compatible for Editor in 46.58 ms, found 2 plugins.
Preloading 0 native plugins for Editor in 0.00 ms.
Initialize engine version: 2020.3.31f1 (6b54b7616050)
[Subsystems] Discovering subsystems at path C:/Program Files/Unity/Hub/Editor/2020.3.31f1/Editor/Data/Resources/UnitySubsystems
[Subsystems] Discovering subsystems at path C:/KID/Projects/Unity/Unity_Demo_Fungus_20220415/Unity_Demo_Fungus_20220415/Assets
GfxDevice: creating device client; threaded=0
Direct3D:
    Version:  Direct3D 11.0 [level 11.1]
    Renderer: NVIDIA GeForce RTX 2070 with Max-Q Design (ID=0x1f10)
    Vendor:   
    VRAM:     8031 MB
    Driver:   30.0.15.1179
Initialize mono
Mono path[0] = 'C:/Program Files/Unity/Hub/Editor/2020.3.31f1/Editor/Data/Managed'
Mono path[1] = 'C:/Program Files/Unity/Hub/Editor/2020.3.31f1/Editor/Data/MonoBleedingEdge/lib/mono/unityjit'
Mono config path = 'C:/Program Files/Unity/Hub/Editor/2020.3.31f1/Editor/Data/MonoBleedingEdge/etc'
Using monoOptions --debugger-agent=transport=dt_socket,embedding=1,server=y,suspend=n,address=127.0.0.1:56544
Begin MonoManager ReloadAssembly
Registering precompiled unity dll's ...
Register platform support module: C:/Program Files/Unity/Hub/Editor/2020.3.31f1/Editor/Data/PlaybackEngines/WebGLSupport/UnityEditor.WebGL.Extensions.dll
Register platform support module: C:/Program Files/Unity/Hub/Editor/2020.3.31f1/Editor/Data/PlaybackEngines/WindowsStandaloneSupport/UnityEditor.WindowsStandalone.Extensions.dll
Registered in 0.002544 seconds.
Native extension for WindowsStandalone target not found
Native extension for WebGL target not found
Refreshing native plugins compatible for Editor in 38.40 ms, found 2 plugins.
Preloading 0 native plugins for Editor in 0.00 ms.
Mono: successfully reloaded assembly
- Completed reload, in  0.579 seconds
Domain Reload Profiling:
	ReloadAssembly (579ms)
		BeginReloadAssembly (66ms)
			ExecutionOrderSort (0ms)
			DisableScriptedObjects (0ms)
			BackupInstance (0ms)
			ReleaseScriptingObjects (0ms)
			CreateAndSetChildDomain (1ms)
		EndReloadAssembly (444ms)
			LoadAssemblies (62ms)
			RebuildTransferFunctionScriptingTraits (0ms)
			SetupTypeCache (152ms)
			ReleaseScriptCaches (0ms)
			RebuildScriptCaches (30ms)
			SetupLoadedEditorAssemblies (166ms)
				LogAssemblyErrors (0ms)
				InitializePlatformSupportModulesInManaged (5ms)
				SetLoadedEditorAssemblies (0ms)
				RefreshPlugins (38ms)
				BeforeProcessingInitializeOnLoad (15ms)
				ProcessInitializeOnLoadAttributes (81ms)
				ProcessInitializeOnLoadMethodAttributes (26ms)
				AfterProcessingInitializeOnLoad (0ms)
				EditorAssembliesLoaded (0ms)
			ExecutionOrderSort2 (0ms)
			AwakeInstancesAfterBackupRestoration (0ms)
Platform modules already initialized, skipping
Registering precompiled user dll's ...
Registered in 0.003297 seconds.
Begin MonoManager ReloadAssembly
Native extension for WindowsStandalone target not found
Native extension for WebGL target not found
Refreshing native plugins compatible for Editor in 41.02 ms, found 2 plugins.
Preloading 0 native plugins for Editor in 0.00 ms.
Mono: successfully reloaded assembly
- Completed reload, in  1.102 seconds
Domain Reload Profiling:
	ReloadAssembly (1103ms)
		BeginReloadAssembly (159ms)
			ExecutionOrderSort (0ms)
			DisableScriptedObjects (4ms)
			BackupInstance (0ms)
			ReleaseScriptingObjects (0ms)
			CreateAndSetChildDomain (21ms)
		EndReloadAssembly (886ms)
			LoadAssemblies (92ms)
			RebuildTransferFunctionScriptingTraits (0ms)
			SetupTypeCache (306ms)
			ReleaseScriptCaches (1ms)
			RebuildScriptCaches (59ms)
			SetupLoadedEditorAssemblies (316ms)
				LogAssemblyErrors (0ms)
				InitializePlatformSupportModulesInManaged (5ms)
				SetLoadedEditorAssemblies (0ms)
				RefreshPlugins (41ms)
				BeforeProcessingInitializeOnLoad (75ms)
				ProcessInitializeOnLoadAttributes (180ms)
				ProcessInitializeOnLoadMethodAttributes (8ms)
				AfterProcessingInitializeOnLoad (7ms)
				EditorAssembliesLoaded (0ms)
			ExecutionOrderSort2 (0ms)
			AwakeInstancesAfterBackupRestoration (6ms)
Platform modules already initialized, skipping
========================================================================
Worker process is ready to serve import requests
Launched and connected shader compiler UnityShaderCompiler.exe after 0.10 seconds
Refreshing native plugins compatible for Editor in 0.44 ms, found 2 plugins.
Preloading 0 native plugins for Editor in 0.00 ms.
Unloading 2295 Unused Serialized files (Serialized files now loaded: 0)
System memory in use before: 93.8 MB.
System memory in use after: 94.0 MB.

Unloading 16 unused Assets to reduce memory usage. Loaded Objects now: 2731.
Total: 3.262000 ms (FindLiveObjects: 0.240500 ms CreateObjectMapping: 0.133100 ms MarkObjects: 2.808800 ms  DeleteObjects: 0.078800 ms)

AssetImportParameters requested are different than current active one (requested -> active):
  custom:framework-win-MediaFoundation: 216162199b28c13a410421893ffa2e32 -> 
  custom:video-decoder-ogg-theora: a1e56fd34408186e4bbccfd4996cb3dc -> 
  custom:container-muxer-webm: aa71ff27fc2769a1b78a27578f13a17b -> 
  custom:container-demuxer-webm: 4f35f7cbe854078d1ac9338744f61a02 -> 
  custom:container-demuxer-ogg: 62fdf1f143b41e24485cea50d1cbac27 -> 
  custom:video-encoder-webm-vp8: eb34c28f22e8b96e1ab97ce403110664 -> 
  custom:video-codec-MediaFoundation-h265: 746d11721c4dcdbdad8f713fa42b33f4 -> 
  custom:video-decoder-webm-vp8: 9c59270c3fd7afecdb556c50c9e8de78 -> 
  custom:audio-decoder-ogg-vorbis: bf7c407c2cedff20999df2af8eb42d56 -> 
  custom:audio-encoder-webm-vorbis: bf7c407c2cedff20999df2af8eb42d56 -> 
========================================================================
Received Import Request.
  path: Assets
  artifactKey: Guid(00000000000000001000000000000000) Importer(815301076,1909f56bfc062723c751e8b465ee728b)
Start importing Assets using Guid(00000000000000001000000000000000) Importer(815301076,1909f56bfc062723c751e8b465ee728b)  -> (artifact id: '42d402b061de3733987d63b9cc3b64de') in 0.010217 seconds 
========================================================================
Received Import Request.
  Time since last request: 48.983303 seconds.
  path: Assets/FungusExamples/Sherlock/Portraits/John/serious.png
  artifactKey: Guid(09b05a675bbbc4e4b8f3b031a1fb63f5) Importer(815301076,1909f56bfc062723c751e8b465ee728b)
Start importing Assets/FungusExamples/Sherlock/Portraits/John/serious.png using Guid(09b05a675bbbc4e4b8f3b031a1fb63f5) Importer(815301076,1909f56bfc062723c751e8b465ee728b)  -> (artifact id: '1cbe025a99deeb8ec26ce76bc51b4af3') in 0.159420 seconds 
========================================================================
Received Import Request.
  Time since last request: 0.000418 seconds.
  path: Assets/FungusExamples/Sherlock/Portraits/Sherlock/suspicious.png
  artifactKey: Guid(6d5c34a95aa09ce4a9be9f7258a02c0d) Importer(815301076,1909f56bfc062723c751e8b465ee728b)
Start importing Assets/FungusExamples/Sherlock/Portraits/Sherlock/suspicious.png using Guid(6d5c34a95aa09ce4a9be9f7258a02c0d) Importer(815301076,1909f56bfc062723c751e8b465ee728b)  -> (artifact id: '9004dc505ab3a4e922fe153f5a95cbb5') in 0.040143 seconds 
========================================================================
Received Import Request.
  Time since last request: 0.000403 seconds.
  path: Packages/com.unity.collab-proxy/Editor/PlasticSCM/Assets/Images/step3@2x.png
  artifactKey: Guid(36e6970b84831434a9eac79abd03700b) Importer(815301076,1909f56bfc062723c751e8b465ee728b)
Start importing Packages/com.unity.collab-proxy/Editor/PlasticSCM/Assets/Images/step3@2x.png using Guid(36e6970b84831434a9eac79abd03700b) Importer(815301076,1909f56bfc062723c751e8b465ee728b)  -> (artifact id: 'eb1db440c82cb9ebcf63cd0f510bd03c') in 0.033163 seconds 
========================================================================
Received Import Request.
  Time since last request: 0.000416 seconds.
  path: Assets/FungusExamples/Sherlock/Portraits/Sherlock/texting.png
  artifactKey: Guid(d2c8a5a70bd6f11468f4d8ea151dec90) Importer(815301076,1909f56bfc062723c751e8b465ee728b)
Start importing Assets/FungusExamples/Sherlock/Portraits/Sherlock/texting.png using Guid(d2c8a5a70bd6f11468f4d8ea151dec90) Importer(815301076,1909f56bfc062723c751e8b465ee728b)  -> (artifact id: '6bca3e2625864b65a13db614562b83f5') in 0.029741 seconds 
========================================================================
Received Import Request.
  Time since last request: 0.000690 seconds.
  path: Assets/FungusExamples/Sherlock/Portraits/John/smirk.png
  artifactKey: Guid(3bcfc8e7b3c790e45b57cc6db1526225) Importer(815301076,1909f56bfc062723c751e8b465ee728b)
Start importing Assets/FungusExamples/Sherlock/Portraits/John/smirk.png using Guid(3bcfc8e7b3c790e45b57cc6db1526225) Importer(815301076,1909f56bfc062723c751e8b465ee728b)  -> (artifact id: '5a6d62c75bb61223821ea87806c7d9b3') in 0.023752 seconds 
========================================================================
Received Import Request.
  Time since last request: 0.000470 seconds.
  path: Assets/FungusExamples/Sherlock/Portraits/Sherlock/thinking.png
  artifactKey: Guid(e7a0368af3f28b1438c458df61e691c1) Importer(815301076,1909f56bfc062723c751e8b465ee728b)
Start importing Assets/FungusExamples/Sherlock/Portraits/Sherlock/thinking.png using Guid(e7a0368af3f28b1438c458df61e691c1) Importer(815301076,1909f56bfc062723c751e8b465ee728b)  -> (artifact id: 'd3f29ebe3739b4ba1ee2177d30948d4c') in 0.026842 seconds 
========================================================================
Received Import Request.
  Time since last request: 0.000928 seconds.
  path: Assets/FungusExamples/Playground/Sprites/Square.png
  artifactKey: Guid(3cb7c35a750699348a04840d1ae1be5e) Importer(815301076,1909f56bfc062723c751e8b465ee728b)
Start importing Assets/FungusExamples/Playground/Sprites/Square.png using Guid(3cb7c35a750699348a04840d1ae1be5e) Importer(815301076,1909f56bfc062723c751e8b465ee728b)  -> (artifact id: 'e3a393805171780cd53a05b3ff41ee7d') in 0.024179 seconds 
========================================================================
Received Import Request.
  Time since last request: 0.000598 seconds.
  path: Packages/com.unity.2d.sprite/Editor/ObjectMenuCreation/DefaultAssets/Textures/Square.png
  artifactKey: Guid(48e93eef0688c4a259cb0eddcd8661f7) Importer(815301076,1909f56bfc062723c751e8b465ee728b)
Start importing Packages/com.unity.2d.sprite/Editor/ObjectMenuCreation/DefaultAssets/Textures/Square.png using Guid(48e93eef0688c4a259cb0eddcd8661f7) Importer(815301076,1909f56bfc062723c751e8b465ee728b)  -> (artifact id: 'a5e8c35382549fe4b0f019b896c34994') in 0.025454 seconds 
========================================================================
Received Import Request.
  Time since last request: 0.000459 seconds.
  path: Packages/com.unity.collab-proxy/Editor/PlasticSCM/Assets/Images/step2@2x.png
  artifactKey: Guid(0029170d14ce6c04c9f45c22cdae5559) Importer(815301076,1909f56bfc062723c751e8b465ee728b)
Start importing Packages/com.unity.collab-proxy/Editor/PlasticSCM/Assets/Images/step2@2x.png using Guid(0029170d14ce6c04c9f45c22cdae5559) Importer(815301076,1909f56bfc062723c751e8b465ee728b)  -> (artifact id: 'e3f953afdd832898423f966a304f2ce0') in 0.030273 seconds 
========================================================================
Received Import Request.
  Time since last request: 0.000537 seconds.
  path: Assets/FungusExamples/TheHunter/Sprites/Waterfall.jpg
  artifactKey: Guid(e54c2166ac91140689c6f04097cab20e) Importer(815301076,1909f56bfc062723c751e8b465ee728b)
Start importing Assets/FungusExamples/TheHunter/Sprites/Waterfall.jpg using Guid(e54c2166ac91140689c6f04097cab20e) Importer(815301076,1909f56bfc062723c751e8b465ee728b)  -> (artifact id: 'e7d5bbc02b3b263687fcd0849637627b') in 0.054303 seconds 
========================================================================
Received Import Request.
  Time since last request: 0.000386 seconds.
  path: Assets/FungusExamples/Sherlock/Portraits/John/suspicious.png
  artifactKey: Guid(59d7c816c1cfb9944b5a28dfbbfe2109) Importer(815301076,1909f56bfc062723c751e8b465ee728b)
Start importing Assets/FungusExamples/Sherlock/Portraits/John/suspicious.png using Guid(59d7c816c1cfb9944b5a28dfbbfe2109) Importer(815301076,1909f56bfc062723c751e8b465ee728b)  -> (artifact id: 'd5bbc6957fe8bcf6855b4c57ae0733ee') in 0.027497 seconds 
========================================================================
Received Import Request.
  Time since last request: 0.000508 seconds.
  path: Assets/FungusExamples/Sherlock/Portraits/John/shocked.png
  artifactKey: Guid(6aedf8395780557418c4b84288657314) Importer(815301076,1909f56bfc062723c751e8b465ee728b)
Start importing Assets/FungusExamples/Sherlock/Portraits/John/shocked.png using Guid(6aedf8395780557418c4b84288657314) Importer(815301076,1909f56bfc062723c751e8b465ee728b)  -> (artifact id: 'd0a03dfe1dbbbdba280c5b681a574eab') in 0.027022 seconds 
========================================================================
Received Import Request.
  Time since last request: 0.000467 seconds.
  path: Assets/FungusExamples/TheHunter/Sprites/ShayHead.psd
  artifactKey: Guid(f7484a661774243b193bebc6e3ae5120) Importer(815301076,1909f56bfc062723c751e8b465ee728b)
Start importing Assets/FungusExamples/TheHunter/Sprites/ShayHead.psd using Guid(f7484a661774243b193bebc6e3ae5120) Importer(815301076,1909f56bfc062723c751e8b465ee728b)  -> (artifact id: '087a1fcb2ee91f8fe576e33926d7c9c4') in 0.030554 seconds 
========================================================================
Received Import Request.
  Time since last request: 0.000433 seconds.
  path: Assets/FungusExamples/Sherlock/Portraits/Sherlock/sorry.png
  artifactKey: Guid(97171eca7b577c5438e9516b956c042a) Importer(815301076,1909f56bfc062723c751e8b465ee728b)
Start importing Assets/FungusExamples/Sherlock/Portraits/Sherlock/sorry.png using Guid(97171eca7b577c5438e9516b956c042a) Importer(815301076,1909f56bfc062723c751e8b465ee728b)  -> (artifact id: 'ad47b0448612f57423ece9b79ec94ed9') in 0.026727 seconds 
========================================================================
Received Import Request.
  Time since last request: 0.000426 seconds.
  path: Assets/FungusExamples/JumpingPrax/Sprites/SmileyGreenAlienNerdy.png
  artifactKey: Guid(088536216c5364d2ba277595d378c215) Importer(815301076,1909f56bfc062723c751e8b465ee728b)
Start importing Assets/FungusExamples/JumpingPrax/Sprites/SmileyGreenAlienNerdy.png using Guid(088536216c5364d2ba277595d378c215) Importer(815301076,1909f56bfc062723c751e8b465ee728b)  -> (artifact id: 'ad865fb23201715b02c0e285207b3692') in 0.035973 seconds 
========================================================================
Received Import Request.
  Time since last request: 0.000514 seconds.
  path: Assets/FungusExamples/JumpingPrax/Sprites/Switzerland.jpg
  artifactKey: Guid(4cba48f17d83f44828e13c3de6dc3aa1) Importer(815301076,1909f56bfc062723c751e8b465ee728b)
Start importing Assets/FungusExamples/JumpingPrax/Sprites/Switzerland.jpg using Guid(4cba48f17d83f44828e13c3de6dc3aa1) Importer(815301076,1909f56bfc062723c751e8b465ee728b)  -> (artifact id: 'e8cda72cd05a1d28efd9c97c7338d634') in 0.043862 seconds 
========================================================================
Received Import Request.
  Time since last request: 0.000341 seconds.
  path: Assets/FungusExamples/Sherlock/Portraits/John/sulking.png
  artifactKey: Guid(d38d394fe4d92ae4da3d41e6ff3b0385) Importer(815301076,1909f56bfc062723c751e8b465ee728b)
Start importing Assets/FungusExamples/Sherlock/Portraits/John/sulking.png using Guid(d38d394fe4d92ae4da3d41e6ff3b0385) Importer(815301076,1909f56bfc062723c751e8b465ee728b)  -> (artifact id: '708959df659f79fb7815f5ec22ada47b') in 0.032307 seconds 
========================================================================
Received Import Request.
  Time since last request: 0.000552 seconds.
  path: Assets/FungusExamples/Sherlock/Portraits/John/tired.png
  artifactKey: Guid(3f74023835f9bd34d88b85ac04062465) Importer(815301076,1909f56bfc062723c751e8b465ee728b)
Start importing Assets/FungusExamples/Sherlock/Portraits/John/tired.png using Guid(3f74023835f9bd34d88b85ac04062465) Importer(815301076,1909f56bfc062723c751e8b465ee728b)  -> (artifact id: '290aae24946360d39f93dbdb26427ccf') in 0.027602 seconds 
========================================================================
Received Import Request.
  Time since last request: 0.000249 seconds.
  path: Assets/FungusExamples/Sherlock/Portraits/John/surprised.png
  artifactKey: Guid(267c50c3c26c7e24fa27aece06aad7cd) Importer(815301076,1909f56bfc062723c751e8b465ee728b)
Start importing Assets/FungusExamples/Sherlock/Portraits/John/surprised.png using Guid(267c50c3c26c7e24fa27aece06aad7cd) Importer(815301076,1909f56bfc062723c751e8b465ee728b)  -> (artifact id: 'd070cda4556edf39ba378288d7d7559a') in 0.025943 seconds 
========================================================================
Received Import Request.
  Time since last request: 0.000318 seconds.
  path: Assets/FungusExamples/TheHunter/Sprites/Shay.psd
  artifactKey: Guid(6b100daff28d04f69a49015f83966425) Importer(815301076,1909f56bfc062723c751e8b465ee728b)
Start importing Assets/FungusExamples/TheHunter/Sprites/Shay.psd using Guid(6b100daff28d04f69a49015f83966425) Importer(815301076,1909f56bfc062723c751e8b465ee728b)  -> (artifact id: '4f6dad0d1b27b8c603f3c27f055fab66') in 0.026526 seconds 
========================================================================
Received Import Request.
  Time since last request: 0.000335 seconds.
  path: Assets/FungusExamples/Sherlock/Portraits/Sherlock/triumphant.png
  artifactKey: Guid(3fd077b79b3018945961e206b6435268) Importer(815301076,1909f56bfc062723c751e8b465ee728b)
Start importing Assets/FungusExamples/Sherlock/Portraits/Sherlock/triumphant.png using Guid(3fd077b79b3018945961e206b6435268) Importer(815301076,1909f56bfc062723c751e8b465ee728b)  -> (artifact id: 'd0fd1011949318065d1b3e20e7c30440') in 0.030103 seconds 
========================================================================
Received Import Request.
  Time since last request: 0.000395 seconds.
  path: Assets/FungusExamples/Sherlock/Portraits/Sherlock/serious.png
  artifactKey: Guid(7add35a7d20a5ee41b0bfde9052ddfd6) Importer(815301076,1909f56bfc062723c751e8b465ee728b)
Start importing Assets/FungusExamples/Sherlock/Portraits/Sherlock/serious.png using Guid(7add35a7d20a5ee41b0bfde9052ddfd6) Importer(815301076,1909f56bfc062723c751e8b465ee728b)  -> (artifact id: '94103a2f5621585ddc3d2c72952c05c1') in 0.034852 seconds 
========================================================================
Received Import Request.
  Time since last request: 0.000645 seconds.
  path: Assets/FungusExamples/JumpingPrax/Sprites/SmileyGreenAlienWow.png
  artifactKey: Guid(a3850401348404655bd0352054c28683) Importer(815301076,1909f56bfc062723c751e8b465ee728b)
Start importing Assets/FungusExamples/JumpingPrax/Sprites/SmileyGreenAlienWow.png using Guid(a3850401348404655bd0352054c28683) Importer(815301076,1909f56bfc062723c751e8b465ee728b)  -> (artifact id: 'f0b2875a9686c789231a913eaa25b4a4') in 0.035504 seconds 
========================================================================
Received Import Request.
  Time since last request: 0.000204 seconds.
  path: Assets/Fungus/Textures/ScriptIcon.png
  artifactKey: Guid(c22400d5bd211479099238aaacbd4852) Importer(815301076,1909f56bfc062723c751e8b465ee728b)
Start importing Assets/Fungus/Textures/ScriptIcon.png using Guid(c22400d5bd211479099238aaacbd4852) Importer(815301076,1909f56bfc062723c751e8b465ee728b)  -> (artifact id: 'f2a52cf2f4fd29a6e5572042305d7682') in 0.025869 seconds 
========================================================================
Received Import Request.
  Time since last request: 0.000191 seconds.
  path: Assets/FungusExamples/Sherlock/Portraits/John/scared.png
  artifactKey: Guid(59bb03809f57a71499d03ddac98c4203) Importer(815301076,1909f56bfc062723c751e8b465ee728b)
Start importing Assets/FungusExamples/Sherlock/Portraits/John/scared.png using Guid(59bb03809f57a71499d03ddac98c4203) Importer(815301076,1909f56bfc062723c751e8b465ee728b)  -> (artifact id: '368f7a88e1bf54c18c1e8f538d60e9d2') in 0.025386 seconds 
========================================================================
Received Import Request.
  Time since last request: 0.000269 seconds.
  path: Packages/com.unity.collab-proxy/Editor/PlasticSCM/Assets/Images/secondarytabclose.png
  artifactKey: Guid(03cefa94d5aa9d74993fb2138af9d607) Importer(815301076,1909f56bfc062723c751e8b465ee728b)
Start importing Packages/com.unity.collab-proxy/Editor/PlasticSCM/Assets/Images/secondarytabclose.png using Guid(03cefa94d5aa9d74993fb2138af9d607) Importer(815301076,1909f56bfc062723c751e8b465ee728b)  -> (artifact id: '3beed46baf69bf869c62bd5d94e1737e') in 0.025459 seconds 
========================================================================
Received Import Request.
  Time since last request: 0.000288 seconds.
  path: Assets/FungusExamples/Sherlock/Portraits/Sherlock/sarcastic.png
  artifactKey: Guid(ed8fca01dcf5bfc4f86bc063889a5013) Importer(815301076,1909f56bfc062723c751e8b465ee728b)
Start importing Assets/FungusExamples/Sherlock/Portraits/Sherlock/sarcastic.png using Guid(ed8fca01dcf5bfc4f86bc063889a5013) Importer(815301076,1909f56bfc062723c751e8b465ee728b)  -> (artifact id: 'eb647db93918d5544e00d60688211f19') in 0.026433 seconds 
========================================================================
Received Import Request.
  Time since last request: 0.000344 seconds.
  path: Assets/FungusExamples/Sherlock/Portraits/Sherlock/scared.png
  artifactKey: Guid(448053637e8df7a42824234afeafa291) Importer(815301076,1909f56bfc062723c751e8b465ee728b)
Start importing Assets/FungusExamples/Sherlock/Portraits/Sherlock/scared.png using Guid(448053637e8df7a42824234afeafa291) Importer(815301076,1909f56bfc062723c751e8b465ee728b)  -> (artifact id: 'ce90b7f89207102a66efe63c27aa396b') in 0.021812 seconds 
========================================================================
Received Import Request.
  Time since last request: 0.000421 seconds.
  path: Assets/FungusExamples/TheFacility/Sprites/Vignette.png
  artifactKey: Guid(252b5a6bfbbc64f5184461a9150031bf) Importer(815301076,1909f56bfc062723c751e8b465ee728b)
Start importing Assets/FungusExamples/TheFacility/Sprites/Vignette.png using Guid(252b5a6bfbbc64f5184461a9150031bf) Importer(815301076,1909f56bfc062723c751e8b465ee728b)  -> (artifact id: 'e5b1e0ff3b5712334de0794e4e5c19a7') in 0.062517 seconds 
========================================================================
Received Import Request.
  Time since last request: 0.000358 seconds.
  path: Packages/com.unity.collab-proxy/Editor/PlasticSCM/Assets/Images/step3.png
  artifactKey: Guid(69899ed144c8eea4baea48b858b37746) Importer(815301076,1909f56bfc062723c751e8b465ee728b)
Start importing Packages/com.unity.collab-proxy/Editor/PlasticSCM/Assets/Images/step3.png using Guid(69899ed144c8eea4baea48b858b37746) Importer(815301076,1909f56bfc062723c751e8b465ee728b)  -> (artifact id: '0fcf78b5c0991eea373faec6cd02c309') in 0.031635 seconds 
========================================================================
Received Import Request.
  Time since last request: 0.000331 seconds.
  path: Assets/FungusExamples/Sherlock/Portraits/Sherlock/surprised.png
  artifactKey: Guid(4cfc408caecceeb45989d991a2dccb3c) Importer(815301076,1909f56bfc062723c751e8b465ee728b)
Start importing Assets/FungusExamples/Sherlock/Portraits/Sherlock/surprised.png using Guid(4cfc408caecceeb45989d991a2dccb3c) Importer(815301076,1909f56bfc062723c751e8b465ee728b)  -> (artifact id: 'dee37ebe453708a5a591eb21fe08c8e9') in 0.028974 seconds 
========================================================================
Received Import Request.
  Time since last request: 0.000370 seconds.
  path: Assets/FungusExamples/Sherlock/Portraits/Sherlock/shocked.png
  artifactKey: Guid(f233fc32ad198a44880e410c5577da9c) Importer(815301076,1909f56bfc062723c751e8b465ee728b)
Start importing Assets/FungusExamples/Sherlock/Portraits/Sherlock/shocked.png using Guid(f233fc32ad198a44880e410c5577da9c) Importer(815301076,1909f56bfc062723c751e8b465ee728b)  -> (artifact id: '5edb084fa87795e622624b161dfa0f7e') in 0.024033 seconds 
========================================================================
Received Import Request.
  Time since last request: 0.000324 seconds.
  path: Packages/com.unity.collab-proxy/Editor/PlasticSCM/Assets/Images/step2.png
  artifactKey: Guid(cd0b17b71a5c498428ee91dee8a78a88) Importer(815301076,1909f56bfc062723c751e8b465ee728b)
Start importing Packages/com.unity.collab-proxy/Editor/PlasticSCM/Assets/Images/step2.png using Guid(cd0b17b71a5c498428ee91dee8a78a88) Importer(815301076,1909f56bfc062723c751e8b465ee728b)  -> (artifact id: '5443e10453a7618bf0a7047583567dae') in 0.023870 seconds 
========================================================================
Received Import Request.
  Time since last request: 0.000462 seconds.
  path: Assets/FungusExamples/Sherlock/Portraits/Sherlock/sherlock_neutral.png
  artifactKey: Guid(cec88ab3171afc54b92db075974123ea) Importer(815301076,1909f56bfc062723c751e8b465ee728b)
Start importing Assets/FungusExamples/Sherlock/Portraits/Sherlock/sherlock_neutral.png using Guid(cec88ab3171afc54b92db075974123ea) Importer(815301076,1909f56bfc062723c751e8b465ee728b)  -> (artifact id: 'cb3fcaf0ea29d9a96a6bdcfb8f8ce67c') in 0.027192 seconds 
========================================================================
Received Import Request.
  Time since last request: 0.000302 seconds.
  path: Assets/FungusExamples/TheHunter/Sprites/Skipper.psd
  artifactKey: Guid(ed14cc18e1e37449eb670f2613314102) Importer(815301076,1909f56bfc062723c751e8b465ee728b)
Start importing Assets/FungusExamples/TheHunter/Sprites/Skipper.psd using Guid(ed14cc18e1e37449eb670f2613314102) Importer(815301076,1909f56bfc062723c751e8b465ee728b)  -> (artifact id: 'a2743e02a1dc032c99b3774b4176f71c') in 0.024299 seconds 
========================================================================
Received Import Request.
  Time since last request: 0.000467 seconds.
  path: Assets/Fungus/Textures/settings.png
  artifactKey: Guid(8d3c80dd0c2904cdbb745cf481348a76) Importer(815301076,1909f56bfc062723c751e8b465ee728b)
Start importing Assets/Fungus/Textures/settings.png using Guid(8d3c80dd0c2904cdbb745cf481348a76) Importer(815301076,1909f56bfc062723c751e8b465ee728b)  -> (artifact id: 'd0fa87377bb2ff224fdd5ff680b3baeb') in 0.023571 seconds 
========================================================================
Received Import Request.
  Time since last request: 0.000356 seconds.
  path: Assets/FungusExamples/Sherlock/Portraits/John/sorry.png
  artifactKey: Guid(bb66ae101c944a34e870fde3693b756d) Importer(815301076,1909f56bfc062723c751e8b465ee728b)
Start importing Assets/FungusExamples/Sherlock/Portraits/John/sorry.png using Guid(bb66ae101c944a34e870fde3693b756d) Importer(815301076,1909f56bfc062723c751e8b465ee728b)  -> (artifact id: 'f95396e35b6de468e9352e4afa20e85d') in 0.024329 seconds 
========================================================================
Received Import Request.
  Time since last request: 0.000315 seconds.
  path: Packages/com.unity.collab-proxy/Editor/PlasticSCM/Assets/Images/stepok.png
  artifactKey: Guid(d4780dc1205c7c7478c970d8c61d24e8) Importer(815301076,1909f56bfc062723c751e8b465ee728b)
Start importing Packages/com.unity.collab-proxy/Editor/PlasticSCM/Assets/Images/stepok.png using Guid(d4780dc1205c7c7478c970d8c61d24e8) Importer(815301076,1909f56bfc062723c751e8b465ee728b)  -> (artifact id: '8422c6295837eea78254dc5ab7b11c95') in 0.027877 seconds 
========================================================================
Received Import Request.
  Time since last request: 0.000898 seconds.
  path: Assets/FungusExamples/Sherlock/Portraits/Sherlock/tired.png
  artifactKey: Guid(bd1b1199c415fc642ae13055981f42aa) Importer(815301076,1909f56bfc062723c751e8b465ee728b)
Start importing Assets/FungusExamples/Sherlock/Portraits/Sherlock/tired.png using Guid(bd1b1199c415fc642ae13055981f42aa) Importer(815301076,1909f56bfc062723c751e8b465ee728b)  -> (artifact id: 'e607516464bfa8cdb263e913b09e2fab') in 0.024668 seconds 
========================================================================
Received Import Request.
  Time since last request: 0.000504 seconds.
  path: Assets/FungusExamples/Sherlock/Portraits/John/triumphant.png
  artifactKey: Guid(58ba1a99d9b61514984191565c416eca) Importer(815301076,1909f56bfc062723c751e8b465ee728b)
Start importing Assets/FungusExamples/Sherlock/Portraits/John/triumphant.png using Guid(58ba1a99d9b61514984191565c416eca) Importer(815301076,1909f56bfc062723c751e8b465ee728b)  -> (artifact id: '7d736fa2438d40e85d3ab989729f9953') in 0.025930 seconds 
========================================================================
Received Import Request.
  Time since last request: 0.000550 seconds.
  path: Assets/FungusExamples/Sherlock/Images/SherlockTitle.png
  artifactKey: Guid(4b0730798d1d046d19e939e0717e5704) Importer(815301076,1909f56bfc062723c751e8b465ee728b)
Start importing Assets/FungusExamples/Sherlock/Images/SherlockTitle.png using Guid(4b0730798d1d046d19e939e0717e5704) Importer(815301076,1909f56bfc062723c751e8b465ee728b)  -> (artifact id: '4c4a554914426bed444945d62742c519') in 0.022595 seconds 
========================================================================
Received Import Request.
  Time since last request: 0.000902 seconds.
  path: Assets/FungusExamples/Sherlock/Portraits/Sherlock/smirk.png
  artifactKey: Guid(58f5b79d262f6814bb4ebb44e29efe90) Importer(815301076,1909f56bfc062723c751e8b465ee728b)
Start importing Assets/FungusExamples/Sherlock/Portraits/Sherlock/smirk.png using Guid(58f5b79d262f6814bb4ebb44e29efe90) Importer(815301076,1909f56bfc062723c751e8b465ee728b)  -> (artifact id: 'b42245bd02723a43369a2c6ea04790d7') in 0.022800 seconds 
========================================================================
Received Import Request.
  Time since last request: 0.000435 seconds.
  path: Packages/com.unity.2d.sprite/Editor/ObjectMenuCreation/DefaultAssets/Textures/SquareWithBorder.png
  artifactKey: Guid(db750325989564987a34393247d883b4) Importer(815301076,1909f56bfc062723c751e8b465ee728b)
Start importing Packages/com.unity.2d.sprite/Editor/ObjectMenuCreation/DefaultAssets/Textures/SquareWithBorder.png using Guid(db750325989564987a34393247d883b4) Importer(815301076,1909f56bfc062723c751e8b465ee728b)  -> (artifact id: '3fc290c3e01f906fc28726077288077a') in 0.019620 seconds 
========================================================================
Received Import Request.
  Time since last request: 0.000369 seconds.
  path: Assets/FungusExamples/TheHunter/Sprites/SkipperHead.psd
  artifactKey: Guid(3c64e30cbefbe4e768ef68d85c85061e) Importer(815301076,1909f56bfc062723c751e8b465ee728b)
Start importing Assets/FungusExamples/TheHunter/Sprites/SkipperHead.psd using Guid(3c64e30cbefbe4e768ef68d85c85061e) Importer(815301076,1909f56bfc062723c751e8b465ee728b)  -> (artifact id: '8bfc316f29097334d15ce24e43051412') in 0.025071 seconds 
========================================================================
Received Import Request.
  Time since last request: 0.000453 seconds.
  path: Packages/com.unity.collab-proxy/Editor/PlasticSCM/Assets/Images/step1@2x.png
  artifactKey: Guid(affeade9874cf2347abb155e8d0db4d8) Importer(815301076,1909f56bfc062723c751e8b465ee728b)
Start importing Packages/com.unity.collab-proxy/Editor/PlasticSCM/Assets/Images/step1@2x.png using Guid(affeade9874cf2347abb155e8d0db4d8) Importer(815301076,1909f56bfc062723c751e8b465ee728b)  -> (artifact id: '96f3c587d53b40a1799c95182e36fe0d') in 0.024789 seconds 
========================================================================
Received Import Request.
  Time since last request: 0.000381 seconds.
  path: Packages/com.unity.collab-proxy/Editor/PlasticSCM/Assets/Images/step1.png
  artifactKey: Guid(9ce84ff0fdeb13d4a83f077d075dd9a5) Importer(815301076,1909f56bfc062723c751e8b465ee728b)
Start importing Packages/com.unity.collab-proxy/Editor/PlasticSCM/Assets/Images/step1.png using Guid(9ce84ff0fdeb13d4a83f077d075dd9a5) Importer(815301076,1909f56bfc062723c751e8b465ee728b)  -> (artifact id: '346d67da65fa51b57167e92bcf02f248') in 0.029530 seconds 
========================================================================
Received Import Request.
  Time since last request: 0.000535 seconds.
  path: Assets/FungusExamples/Sherlock/Portraits/John/sarcastic.png
  artifactKey: Guid(cbc4101c77001344eb9d31ddf978001c) Importer(815301076,1909f56bfc062723c751e8b465ee728b)
Start importing Assets/FungusExamples/Sherlock/Portraits/John/sarcastic.png using Guid(cbc4101c77001344eb9d31ddf978001c) Importer(815301076,1909f56bfc062723c751e8b465ee728b)  -> (artifact id: '278bdac2d4794b9c08ce3a7eefbbc75c') in 0.030576 seconds 
========================================================================
Received Import Request.
  Time since last request: 0.000293 seconds.
  path: Assets/FungusExamples/Playground/Sprites/Triangle.png
  artifactKey: Guid(946c61cb65f78df4394947a1ff1fce91) Importer(815301076,1909f56bfc062723c751e8b465ee728b)
Start importing Assets/FungusExamples/Playground/Sprites/Triangle.png using Guid(946c61cb65f78df4394947a1ff1fce91) Importer(815301076,1909f56bfc062723c751e8b465ee728b)  -> (artifact id: '65c4ce5b21499f6e719e15b7a3229a0e') in 0.021687 seconds 
========================================================================
Received Import Request.
  Time since last request: 0.000505 seconds.
  path: Packages/com.unity.collab-proxy/Editor/PlasticSCM/Assets/Images/stepok@2x.png
  artifactKey: Guid(be340a165cb9c8d4cb50f1deeb51d4ea) Importer(815301076,1909f56bfc062723c751e8b465ee728b)
Start importing Packages/com.unity.collab-proxy/Editor/PlasticSCM/Assets/Images/stepok@2x.png using Guid(be340a165cb9c8d4cb50f1deeb51d4ea) Importer(815301076,1909f56bfc062723c751e8b465ee728b)  -> (artifact id: '3089547bbc2514c7d87eaaeaa6094c1b') in 0.025160 seconds 
========================================================================
Received Import Request.
  Time since last request: 0.000351 seconds.
  path: Packages/com.unity.collab-proxy/Editor/PlasticSCM/Assets/Images/secondarytabclosehover.png
  artifactKey: Guid(8fac55fff4ce5fa40a7b2efefc0e617a) Importer(815301076,1909f56bfc062723c751e8b465ee728b)
Start importing Packages/com.unity.collab-proxy/Editor/PlasticSCM/Assets/Images/secondarytabclosehover.png using Guid(8fac55fff4ce5fa40a7b2efefc0e617a) Importer(815301076,1909f56bfc062723c751e8b465ee728b)  -> (artifact id: '343a2b22fbaf6ca513dd190e27e790b2') in 0.027068 seconds 
========================================================================
Received Import Request.
  Time since last request: 0.042861 seconds.
  path: Assets/FungusExamples/Sherlock/Portraits/Sherlock/regretful.png
  artifactKey: Guid(36652428f3b9f6d41840d56c65aa0d64) Importer(815301076,1909f56bfc062723c751e8b465ee728b)
Start importing Assets/FungusExamples/Sherlock/Portraits/Sherlock/regretful.png using Guid(36652428f3b9f6d41840d56c65aa0d64) Importer(815301076,1909f56bfc062723c751e8b465ee728b)  -> (artifact id: 'db3cdbb1db56c375c5e51128f69788b9') in 0.021427 seconds 
========================================================================
Received Import Request.
  Time since last request: 0.000208 seconds.
  path: Assets/FungusExamples/Sherlock/Images/SaraMena.png
  artifactKey: Guid(4cb7c889915644b22a94212146500698) Importer(815301076,1909f56bfc062723c751e8b465ee728b)
Start importing Assets/FungusExamples/Sherlock/Images/SaraMena.png using Guid(4cb7c889915644b22a94212146500698) Importer(815301076,1909f56bfc062723c751e8b465ee728b)  -> (artifact id: 'e7eed1951e3eebbb1ed5db1f6521783b') in 0.026178 seconds 
========================================================================
Received Import Request.
  Time since last request: 0.000404 seconds.
  path: Assets/FungusExamples/Sherlock/Portraits/John/sad.png
  artifactKey: Guid(96b0380b84e6f4546886b1d58ca0f280) Importer(815301076,1909f56bfc062723c751e8b465ee728b)
Start importing Assets/FungusExamples/Sherlock/Portraits/John/sad.png using Guid(96b0380b84e6f4546886b1d58ca0f280) Importer(815301076,1909f56bfc062723c751e8b465ee728b)  -> (artifact id: '4d6d7d78c0399f7af89dd92cb6283753') in 0.034432 seconds 
========================================================================
Received Import Request.
  Time since last request: 0.000384 seconds.
  path: Assets/Fungus/Textures/rewind.png
  artifactKey: Guid(62573ea76cbf34643bf28a259a6c901c) Importer(815301076,1909f56bfc062723c751e8b465ee728b)
Start importing Assets/Fungus/Textures/rewind.png using Guid(62573ea76cbf34643bf28a259a6c901c) Importer(815301076,1909f56bfc062723c751e8b465ee728b)  -> (artifact id: '4d6140b07d46d93215ad11feade4b51d') in 0.024284 seconds 
========================================================================
Received Import Request.
  Time since last request: 0.000334 seconds.
  path: Assets/FungusExamples/Sherlock/Portraits/John/regretful.png
  artifactKey: Guid(64376d4849cae324a80743317c8aa539) Importer(815301076,1909f56bfc062723c751e8b465ee728b)
Start importing Assets/FungusExamples/Sherlock/Portraits/John/regretful.png using Guid(64376d4849cae324a80743317c8aa539) Importer(815301076,1909f56bfc062723c751e8b465ee728b)  -> (artifact id: '96ea55f7c4beed92734f92c950e672a9') in 0.028215 seconds 
========================================================================
Received Import Request.
  Time since last request: 0.000420 seconds.
  path: Assets/FungusExamples/Sherlock/Portraits/Sherlock/sad.png
  artifactKey: Guid(6384dc397ea803d4abf0d1de10afb1c1) Importer(815301076,1909f56bfc062723c751e8b465ee728b)
Start importing Assets/FungusExamples/Sherlock/Portraits/Sherlock/sad.png using Guid(6384dc397ea803d4abf0d1de10afb1c1) Importer(815301076,1909f56bfc062723c751e8b465ee728b)  -> (artifact id: '7cc48ffff3536271fd3abd4806cdb55b') in 0.027167 seconds 
========================================================================
Received Import Request.
  Time since last request: 0.000252 seconds.
  path: Assets/FungusExamples/TheHunter/Sprites/SanctuaryForest.jpg
  artifactKey: Guid(2230440f02def4c728f10bdb641df3a7) Importer(815301076,1909f56bfc062723c751e8b465ee728b)
Start importing Assets/FungusExamples/TheHunter/Sprites/SanctuaryForest.jpg using Guid(2230440f02def4c728f10bdb641df3a7) Importer(815301076,1909f56bfc062723c751e8b465ee728b)  -> (artifact id: '646706c1bcd5cb538d9ec5efc07b9c56') in 0.037888 seconds 
========================================================================
Received Import Request.
  Time since last request: 0.705867 seconds.
  path: Assets/Fungus/Textures/OptionButtonHighlighted.png
  artifactKey: Guid(888feb4a32e3b564fb7e6f9b28cc8e10) Importer(815301076,1909f56bfc062723c751e8b465ee728b)
Start importing Assets/Fungus/Textures/OptionButtonHighlighted.png using Guid(888feb4a32e3b564fb7e6f9b28cc8e10) Importer(815301076,1909f56bfc062723c751e8b465ee728b)  -> (artifact id: '661d9eb6142e049e529c7480d0025805') in 0.023017 seconds 
========================================================================
Received Import Request.
  Time since last request: 0.000319 seconds.
  path: Assets/FungusExamples/Sherlock/Portraits/Sherlock/pleased.png
  artifactKey: Guid(a3710c5af5b436a46b8d0ff4235d1dfe) Importer(815301076,1909f56bfc062723c751e8b465ee728b)
Start importing Assets/FungusExamples/Sherlock/Portraits/Sherlock/pleased.png using Guid(a3710c5af5b436a46b8d0ff4235d1dfe) Importer(815301076,1909f56bfc062723c751e8b465ee728b)  -> (artifact id: '73b35cb0bbe0949e5be9bed83780e118') in 0.028000 seconds 
========================================================================
Received Import Request.
  Time since last request: 0.000535 seconds.
  path: Assets/Fungus/Textures/OptionButtonPressed.png
  artifactKey: Guid(2e33a3f531b6adc4f9d8a99c83e2ba2d) Importer(815301076,1909f56bfc062723c751e8b465ee728b)
Start importing Assets/Fungus/Textures/OptionButtonPressed.png using Guid(2e33a3f531b6adc4f9d8a99c83e2ba2d) Importer(815301076,1909f56bfc062723c751e8b465ee728b)  -> (artifact id: 'ee3c634a9f480fcfca0e11cdc932c8d8') in 0.023521 seconds 
========================================================================
Received Import Request.
  Time since last request: 0.000428 seconds.
  path: Packages/com.unity.collab-proxy/Editor/PlasticSCM/Assets/Images/refresh@2x.png
  artifactKey: Guid(59571f82a0dc1a14da606dc0df6f8ea7) Importer(815301076,1909f56bfc062723c751e8b465ee728b)
Start importing Packages/com.unity.collab-proxy/Editor/PlasticSCM/Assets/Images/refresh@2x.png using Guid(59571f82a0dc1a14da606dc0df6f8ea7) Importer(815301076,1909f56bfc062723c751e8b465ee728b)  -> (artifact id: '3a7bcafc171f9e2cdeb6ff26264987f7') in 0.027635 seconds 
========================================================================
Received Import Request.
  Time since last request: 0.000312 seconds.
  path: Packages/com.unity.collab-proxy/Editor/PlasticSCM/Assets/Images/refresh.png
  artifactKey: Guid(6f6a4c6bd7cdc654d9d91f7de72afcb6) Importer(815301076,1909f56bfc062723c751e8b465ee728b)
Start importing Packages/com.unity.collab-proxy/Editor/PlasticSCM/Assets/Images/refresh.png using Guid(6f6a4c6bd7cdc654d9d91f7de72afcb6) Importer(815301076,1909f56bfc062723c751e8b465ee728b)  -> (artifact id: '12516cda4d222c5635f5f1a2272a9607') in 0.027274 seconds 
========================================================================
Received Import Request.
  Time since last request: 0.000461 seconds.
  path: Assets/FungusExamples/Sherlock/Portraits/John/pleased.png
  artifactKey: Guid(ab808050bc535a643afaf4755050339e) Importer(815301076,1909f56bfc062723c751e8b465ee728b)
Start importing Assets/FungusExamples/Sherlock/Portraits/John/pleased.png using Guid(ab808050bc535a643afaf4755050339e) Importer(815301076,1909f56bfc062723c751e8b465ee728b)  -> (artifact id: '959851887df47e6b33dd90e55f3ac1b3') in 0.026050 seconds 
========================================================================
Received Import Request.
  Time since last request: 0.000416 seconds.
  path: Assets/FungusExamples/Sherlock/Portraits/John/pained.png
  artifactKey: Guid(636094c1361ce1b44b4ace0fc587d758) Importer(815301076,1909f56bfc062723c751e8b465ee728b)
Start importing Assets/FungusExamples/Sherlock/Portraits/John/pained.png using Guid(636094c1361ce1b44b4ace0fc587d758) Importer(815301076,1909f56bfc062723c751e8b465ee728b)  -> (artifact id: 'e763ffdc0135f85cd9ae9c433452ee14') in 0.035318 seconds 
========================================================================
Received Prepare
Registering precompiled user dll's ...
Registered in 0.003420 seconds.
Begin MonoManager ReloadAssembly
Native extension for WindowsStandalone target not found
Native extension for WebGL target not found
Refreshing native plugins compatible for Editor in 0.46 ms, found 2 plugins.
Preloading 0 native plugins for Editor in 0.00 ms.
Mono: successfully reloaded assembly
- Completed reload, in  1.184 seconds
Domain Reload Profiling:
	ReloadAssembly (1184ms)
		BeginReloadAssembly (158ms)
			ExecutionOrderSort (0ms)
			DisableScriptedObjects (6ms)
			BackupInstance (0ms)
			ReleaseScriptingObjects (0ms)
			CreateAndSetChildDomain (44ms)
		EndReloadAssembly (940ms)
			LoadAssemblies (130ms)
			RebuildTransferFunctionScriptingTraits (0ms)
			SetupTypeCache (371ms)
			ReleaseScriptCaches (1ms)
			RebuildScriptCaches (45ms)
			SetupLoadedEditorAssemblies (310ms)
				LogAssemblyErrors (0ms)
				InitializePlatformSupportModulesInManaged (6ms)
				SetLoadedEditorAssemblies (0ms)
				RefreshPlugins (1ms)
				BeforeProcessingInitializeOnLoad (91ms)
				ProcessInitializeOnLoadAttributes (197ms)
				ProcessInitializeOnLoadMethodAttributes (8ms)
				AfterProcessingInitializeOnLoad (7ms)
				EditorAssembliesLoaded (0ms)
			ExecutionOrderSort2 (0ms)
			AwakeInstancesAfterBackupRestoration (6ms)
Platform modules already initialized, skipping
Refreshing native plugins compatible for Editor in 0.59 ms, found 2 plugins.
Preloading 0 native plugins for Editor in 0.00 ms.
Unloading 2278 Unused Serialized files (Serialized files now loaded: 0)
System memory in use before: 95.7 MB.
System memory in use after: 95.9 MB.

Unloading 11 unused Assets to reduce memory usage. Loaded Objects now: 2772.
Total: 2.805400 ms (FindLiveObjects: 0.204600 ms CreateObjectMapping: 0.086900 ms MarkObjects: 2.466500 ms  DeleteObjects: 0.046400 ms)

AssetImportParameters requested are different than current active one (requested -> active):
  custom:framework-win-MediaFoundation: 216162199b28c13a410421893ffa2e32 -> 
  custom:video-decoder-ogg-theora: a1e56fd34408186e4bbccfd4996cb3dc -> 
  custom:container-muxer-webm: aa71ff27fc2769a1b78a27578f13a17b -> 
  custom:container-demuxer-webm: 4f35f7cbe854078d1ac9338744f61a02 -> 
  custom:container-demuxer-ogg: 62fdf1f143b41e24485cea50d1cbac27 -> 
  custom:video-encoder-webm-vp8: eb34c28f22e8b96e1ab97ce403110664 -> 
  custom:video-codec-MediaFoundation-h265: 746d11721c4dcdbdad8f713fa42b33f4 -> 
  custom:video-decoder-webm-vp8: 9c59270c3fd7afecdb556c50c9e8de78 -> 
  custom:audio-decoder-ogg-vorbis: bf7c407c2cedff20999df2af8eb42d56 -> 
  custom:audio-encoder-webm-vorbis: bf7c407c2cedff20999df2af8eb42d56 -> 
========================================================================
Received Prepare
Registering precompiled user dll's ...
Registered in 0.004345 seconds.
Begin MonoManager ReloadAssembly
Native extension for WindowsStandalone target not found
Native extension for WebGL target not found
Refreshing native plugins compatible for Editor in 1.30 ms, found 2 plugins.
Preloading 0 native plugins for Editor in 0.00 ms.
Mono: successfully reloaded assembly
- Completed reload, in  1.567 seconds
Domain Reload Profiling:
	ReloadAssembly (1568ms)
		BeginReloadAssembly (195ms)
			ExecutionOrderSort (0ms)
			DisableScriptedObjects (6ms)
			BackupInstance (0ms)
			ReleaseScriptingObjects (0ms)
			CreateAndSetChildDomain (55ms)
		EndReloadAssembly (1276ms)
			LoadAssemblies (179ms)
			RebuildTransferFunctionScriptingTraits (0ms)
			SetupTypeCache (497ms)
			ReleaseScriptCaches (1ms)
			RebuildScriptCaches (78ms)
			SetupLoadedEditorAssemblies (404ms)
				LogAssemblyErrors (0ms)
				InitializePlatformSupportModulesInManaged (10ms)
				SetLoadedEditorAssemblies (1ms)
				RefreshPlugins (2ms)
				BeforeProcessingInitializeOnLoad (131ms)
				ProcessInitializeOnLoadAttributes (243ms)
				ProcessInitializeOnLoadMethodAttributes (9ms)
				AfterProcessingInitializeOnLoad (8ms)
				EditorAssembliesLoaded (0ms)
			ExecutionOrderSort2 (0ms)
			AwakeInstancesAfterBackupRestoration (7ms)
Platform modules already initialized, skipping
Refreshing native plugins compatible for Editor in 0.56 ms, found 2 plugins.
Preloading 0 native plugins for Editor in 0.00 ms.
Unloading 2278 Unused Serialized files (Serialized files now loaded: 0)
System memory in use before: 95.7 MB.
System memory in use after: 96.0 MB.

Unloading 11 unused Assets to reduce memory usage. Loaded Objects now: 2775.
Total: 2.740800 ms (FindLiveObjects: 0.225000 ms CreateObjectMapping: 0.101300 ms MarkObjects: 2.395200 ms  DeleteObjects: 0.018200 ms)

AssetImportParameters requested are different than current active one (requested -> active):
  custom:framework-win-MediaFoundation: 216162199b28c13a410421893ffa2e32 -> 
  custom:video-decoder-ogg-theora: a1e56fd34408186e4bbccfd4996cb3dc -> 
  custom:container-muxer-webm: aa71ff27fc2769a1b78a27578f13a17b -> 
  custom:container-demuxer-webm: 4f35f7cbe854078d1ac9338744f61a02 -> 
  custom:container-demuxer-ogg: 62fdf1f143b41e24485cea50d1cbac27 -> 
  custom:video-encoder-webm-vp8: eb34c28f22e8b96e1ab97ce403110664 -> 
  custom:video-codec-MediaFoundation-h265: 746d11721c4dcdbdad8f713fa42b33f4 -> 
  custom:video-decoder-webm-vp8: 9c59270c3fd7afecdb556c50c9e8de78 -> 
  custom:audio-decoder-ogg-vorbis: bf7c407c2cedff20999df2af8eb42d56 -> 
  custom:audio-encoder-webm-vorbis: bf7c407c2cedff20999df2af8eb42d56 -> 
========================================================================
Received Prepare
Registering precompiled user dll's ...
Registered in 0.005447 seconds.
Begin MonoManager ReloadAssembly
Native extension for WindowsStandalone target not found
Native extension for WebGL target not found
Refreshing native plugins compatible for Editor in 0.62 ms, found 2 plugins.
Preloading 0 native plugins for Editor in 0.00 ms.
Mono: successfully reloaded assembly
- Completed reload, in  1.312 seconds
Domain Reload Profiling:
	ReloadAssembly (1312ms)
		BeginReloadAssembly (140ms)
			ExecutionOrderSort (0ms)
			DisableScriptedObjects (6ms)
			BackupInstance (0ms)
			ReleaseScriptingObjects (0ms)
			CreateAndSetChildDomain (41ms)
		EndReloadAssembly (1089ms)
			LoadAssemblies (147ms)
			RebuildTransferFunctionScriptingTraits (0ms)
			SetupTypeCache (390ms)
			ReleaseScriptCaches (1ms)
			RebuildScriptCaches (56ms)
			SetupLoadedEditorAssemblies (373ms)
				LogAssemblyErrors (0ms)
				InitializePlatformSupportModulesInManaged (7ms)
				SetLoadedEditorAssemblies (1ms)
				RefreshPlugins (1ms)
				BeforeProcessingInitializeOnLoad (98ms)
				ProcessInitializeOnLoadAttributes (243ms)
				ProcessInitializeOnLoadMethodAttributes (13ms)
				AfterProcessingInitializeOnLoad (9ms)
				EditorAssembliesLoaded (0ms)
			ExecutionOrderSort2 (0ms)
			AwakeInstancesAfterBackupRestoration (9ms)
Platform modules already initialized, skipping
Refreshing native plugins compatible for Editor in 0.44 ms, found 2 plugins.
Preloading 0 native plugins for Editor in 0.00 ms.
Unloading 2278 Unused Serialized files (Serialized files now loaded: 0)
System memory in use before: 95.8 MB.
System memory in use after: 96.0 MB.

Unloading 11 unused Assets to reduce memory usage. Loaded Objects now: 2778.
Total: 2.911400 ms (FindLiveObjects: 0.175700 ms CreateObjectMapping: 0.090900 ms MarkObjects: 2.619100 ms  DeleteObjects: 0.024100 ms)

AssetImportParameters requested are different than current active one (requested -> active):
  custom:framework-win-MediaFoundation: 216162199b28c13a410421893ffa2e32 -> 
  custom:video-decoder-ogg-theora: a1e56fd34408186e4bbccfd4996cb3dc -> 
  custom:container-muxer-webm: aa71ff27fc2769a1b78a27578f13a17b -> 
  custom:container-demuxer-webm: 4f35f7cbe854078d1ac9338744f61a02 -> 
  custom:container-demuxer-ogg: 62fdf1f143b41e24485cea50d1cbac27 -> 
  custom:video-encoder-webm-vp8: eb34c28f22e8b96e1ab97ce403110664 -> 
  custom:video-codec-MediaFoundation-h265: 746d11721c4dcdbdad8f713fa42b33f4 -> 
  custom:video-decoder-webm-vp8: 9c59270c3fd7afecdb556c50c9e8de78 -> 
  custom:audio-decoder-ogg-vorbis: bf7c407c2cedff20999df2af8eb42d56 -> 
  custom:audio-encoder-webm-vorbis: bf7c407c2cedff20999df2af8eb42d56 -> 
========================================================================
Received Prepare
Registering precompiled user dll's ...
Registered in 0.003401 seconds.
Begin MonoManager ReloadAssembly
Native extension for WindowsStandalone target not found
Native extension for WebGL target not found
Refreshing native plugins compatible for Editor in 0.65 ms, found 2 plugins.
Preloading 0 native plugins for Editor in 0.00 ms.
Mono: successfully reloaded assembly
- Completed reload, in  1.227 seconds
Domain Reload Profiling:
	ReloadAssembly (1227ms)
		BeginReloadAssembly (154ms)
			ExecutionOrderSort (0ms)
			DisableScriptedObjects (6ms)
			BackupInstance (0ms)
			ReleaseScriptingObjects (0ms)
			CreateAndSetChildDomain (48ms)
		EndReloadAssembly (999ms)
			LoadAssemblies (118ms)
			RebuildTransferFunctionScriptingTraits (0ms)
			SetupTypeCache (370ms)
			ReleaseScriptCaches (1ms)
			RebuildScriptCaches (49ms)
			SetupLoadedEditorAssemblies (365ms)
				LogAssemblyErrors (0ms)
				InitializePlatformSupportModulesInManaged (8ms)
				SetLoadedEditorAssemblies (1ms)
				RefreshPlugins (1ms)
				BeforeProcessingInitializeOnLoad (94ms)
				ProcessInitializeOnLoadAttributes (242ms)
				ProcessInitializeOnLoadMethodAttributes (10ms)
				AfterProcessingInitializeOnLoad (8ms)
				EditorAssembliesLoaded (0ms)
			ExecutionOrderSort2 (0ms)
			AwakeInstancesAfterBackupRestoration (8ms)
Platform modules already initialized, skipping
Refreshing native plugins compatible for Editor in 0.98 ms, found 2 plugins.
Preloading 0 native plugins for Editor in 0.00 ms.
Unloading 2278 Unused Serialized files (Serialized files now loaded: 0)
System memory in use before: 95.8 MB.
System memory in use after: 96.0 MB.

Unloading 11 unused Assets to reduce memory usage. Loaded Objects now: 2781.
Total: 6.908200 ms (FindLiveObjects: 0.290400 ms CreateObjectMapping: 0.184700 ms MarkObjects: 6.372500 ms  DeleteObjects: 0.058800 ms)

AssetImportParameters requested are different than current active one (requested -> active):
  custom:framework-win-MediaFoundation: 216162199b28c13a410421893ffa2e32 -> 
  custom:video-decoder-ogg-theora: a1e56fd34408186e4bbccfd4996cb3dc -> 
  custom:container-muxer-webm: aa71ff27fc2769a1b78a27578f13a17b -> 
  custom:container-demuxer-webm: 4f35f7cbe854078d1ac9338744f61a02 -> 
  custom:container-demuxer-ogg: 62fdf1f143b41e24485cea50d1cbac27 -> 
  custom:video-encoder-webm-vp8: eb34c28f22e8b96e1ab97ce403110664 -> 
  custom:video-codec-MediaFoundation-h265: 746d11721c4dcdbdad8f713fa42b33f4 -> 
  custom:video-decoder-webm-vp8: 9c59270c3fd7afecdb556c50c9e8de78 -> 
  custom:audio-decoder-ogg-vorbis: bf7c407c2cedff20999df2af8eb42d56 -> 
  custom:audio-encoder-webm-vorbis: bf7c407c2cedff20999df2af8eb42d56 -> 
========================================================================
Received Prepare
Registering precompiled user dll's ...
Registered in 0.003153 seconds.
Begin MonoManager ReloadAssembly
Native extension for WindowsStandalone target not found
Native extension for WebGL target not found
Refreshing native plugins compatible for Editor in 0.51 ms, found 2 plugins.
Preloading 0 native plugins for Editor in 0.00 ms.
Mono: successfully reloaded assembly
- Completed reload, in  1.018 seconds
Domain Reload Profiling:
	ReloadAssembly (1018ms)
		BeginReloadAssembly (136ms)
			ExecutionOrderSort (0ms)
			DisableScriptedObjects (6ms)
			BackupInstance (0ms)
			ReleaseScriptingObjects (0ms)
			CreateAndSetChildDomain (47ms)
		EndReloadAssembly (821ms)
			LoadAssemblies (98ms)
			RebuildTransferFunctionScriptingTraits (0ms)
			SetupTypeCache (309ms)
			ReleaseScriptCaches (1ms)
			RebuildScriptCaches (43ms)
			SetupLoadedEditorAssemblies (288ms)
				LogAssemblyErrors (0ms)
				InitializePlatformSupportModulesInManaged (5ms)
				SetLoadedEditorAssemblies (0ms)
				RefreshPlugins (1ms)
				BeforeProcessingInitializeOnLoad (87ms)
				ProcessInitializeOnLoadAttributes (179ms)
				ProcessInitializeOnLoadMethodAttributes (8ms)
				AfterProcessingInitializeOnLoad (7ms)
				EditorAssembliesLoaded (0ms)
			ExecutionOrderSort2 (0ms)
			AwakeInstancesAfterBackupRestoration (6ms)
Platform modules already initialized, skipping
Refreshing native plugins compatible for Editor in 0.50 ms, found 2 plugins.
Preloading 0 native plugins for Editor in 0.00 ms.
Unloading 2278 Unused Serialized files (Serialized files now loaded: 0)
System memory in use before: 95.8 MB.
System memory in use after: 96.0 MB.

Unloading 11 unused Assets to reduce memory usage. Loaded Objects now: 2784.
Total: 3.545700 ms (FindLiveObjects: 0.194600 ms CreateObjectMapping: 0.105600 ms MarkObjects: 3.167100 ms  DeleteObjects: 0.076700 ms)

AssetImportParameters requested are different than current active one (requested -> active):
  custom:framework-win-MediaFoundation: 216162199b28c13a410421893ffa2e32 -> 
  custom:video-decoder-ogg-theora: a1e56fd34408186e4bbccfd4996cb3dc -> 
  custom:container-muxer-webm: aa71ff27fc2769a1b78a27578f13a17b -> 
  custom:container-demuxer-webm: 4f35f7cbe854078d1ac9338744f61a02 -> 
  custom:container-demuxer-ogg: 62fdf1f143b41e24485cea50d1cbac27 -> 
  custom:video-encoder-webm-vp8: eb34c28f22e8b96e1ab97ce403110664 -> 
  custom:video-codec-MediaFoundation-h265: 746d11721c4dcdbdad8f713fa42b33f4 -> 
  custom:video-decoder-webm-vp8: 9c59270c3fd7afecdb556c50c9e8de78 -> 
  custom:audio-decoder-ogg-vorbis: bf7c407c2cedff20999df2af8eb42d56 -> 
  custom:audio-encoder-webm-vorbis: bf7c407c2cedff20999df2af8eb42d56 -> 
========================================================================
Received Prepare
Registering precompiled user dll's ...
Registered in 0.003614 seconds.
Begin MonoManager ReloadAssembly
Native extension for WindowsStandalone target not found
Native extension for WebGL target not found
Refreshing native plugins compatible for Editor in 1.16 ms, found 2 plugins.
Preloading 0 native plugins for Editor in 0.00 ms.
Mono: successfully reloaded assembly
- Completed reload, in  1.278 seconds
Domain Reload Profiling:
	ReloadAssembly (1279ms)
		BeginReloadAssembly (167ms)
			ExecutionOrderSort (0ms)
			DisableScriptedObjects (6ms)
			BackupInstance (0ms)
			ReleaseScriptingObjects (0ms)
			CreateAndSetChildDomain (50ms)
		EndReloadAssembly (1039ms)
			LoadAssemblies (135ms)
			RebuildTransferFunctionScriptingTraits (0ms)
			SetupTypeCache (394ms)
			ReleaseScriptCaches (1ms)
			RebuildScriptCaches (50ms)
			SetupLoadedEditorAssemblies (356ms)
				LogAssemblyErrors (0ms)
				InitializePlatformSupportModulesInManaged (10ms)
				SetLoadedEditorAssemblies (1ms)
				RefreshPlugins (1ms)
				BeforeProcessingInitializeOnLoad (97ms)
				ProcessInitializeOnLoadAttributes (228ms)
				ProcessInitializeOnLoadMethodAttributes (10ms)
				AfterProcessingInitializeOnLoad (8ms)
				EditorAssembliesLoaded (1ms)
			ExecutionOrderSort2 (0ms)
			AwakeInstancesAfterBackupRestoration (7ms)
Platform modules already initialized, skipping
Refreshing native plugins compatible for Editor in 1.10 ms, found 2 plugins.
Preloading 0 native plugins for Editor in 0.00 ms.
Unloading 2278 Unused Serialized files (Serialized files now loaded: 0)
System memory in use before: 95.8 MB.
System memory in use after: 96.0 MB.

Unloading 11 unused Assets to reduce memory usage. Loaded Objects now: 2787.
Total: 3.763100 ms (FindLiveObjects: 0.205000 ms CreateObjectMapping: 0.138900 ms MarkObjects: 3.395200 ms  DeleteObjects: 0.023000 ms)

AssetImportParameters requested are different than current active one (requested -> active):
  custom:framework-win-MediaFoundation: 216162199b28c13a410421893ffa2e32 -> 
  custom:video-decoder-ogg-theora: a1e56fd34408186e4bbccfd4996cb3dc -> 
  custom:container-muxer-webm: aa71ff27fc2769a1b78a27578f13a17b -> 
  custom:container-demuxer-webm: 4f35f7cbe854078d1ac9338744f61a02 -> 
  custom:container-demuxer-ogg: 62fdf1f143b41e24485cea50d1cbac27 -> 
  custom:video-encoder-webm-vp8: eb34c28f22e8b96e1ab97ce403110664 -> 
  custom:video-codec-MediaFoundation-h265: 746d11721c4dcdbdad8f713fa42b33f4 -> 
  custom:video-decoder-webm-vp8: 9c59270c3fd7afecdb556c50c9e8de78 -> 
  custom:audio-decoder-ogg-vorbis: bf7c407c2cedff20999df2af8eb42d56 -> 
  custom:audio-encoder-webm-vorbis: bf7c407c2cedff20999df2af8eb42d56 -> 
========================================================================
Received Prepare
Registering precompiled user dll's ...
Registered in 0.003194 seconds.
Begin MonoManager ReloadAssembly
Native extension for WindowsStandalone target not found
Native extension for WebGL target not found
Refreshing native plugins compatible for Editor in 0.42 ms, found 2 plugins.
Preloading 0 native plugins for Editor in 0.00 ms.
Mono: successfully reloaded assembly
- Completed reload, in  0.969 seconds
Domain Reload Profiling:
	ReloadAssembly (970ms)
		BeginReloadAssembly (111ms)
			ExecutionOrderSort (0ms)
			DisableScriptedObjects (5ms)
			BackupInstance (0ms)
			ReleaseScriptingObjects (0ms)
			CreateAndSetChildDomain (31ms)
		EndReloadAssembly (799ms)
			LoadAssemblies (93ms)
			RebuildTransferFunctionScriptingTraits (0ms)
			SetupTypeCache (282ms)
			ReleaseScriptCaches (1ms)
			RebuildScriptCaches (43ms)
			SetupLoadedEditorAssemblies (279ms)
				LogAssemblyErrors (0ms)
				InitializePlatformSupportModulesInManaged (5ms)
				SetLoadedEditorAssemblies (0ms)
				RefreshPlugins (0ms)
				BeforeProcessingInitializeOnLoad (73ms)
				ProcessInitializeOnLoadAttributes (185ms)
				ProcessInitializeOnLoadMethodAttributes (8ms)
				AfterProcessingInitializeOnLoad (7ms)
				EditorAssembliesLoaded (0ms)
			ExecutionOrderSort2 (0ms)
			AwakeInstancesAfterBackupRestoration (6ms)
Platform modules already initialized, skipping
Refreshing native plugins compatible for Editor in 0.45 ms, found 2 plugins.
Preloading 0 native plugins for Editor in 0.00 ms.
Unloading 2278 Unused Serialized files (Serialized files now loaded: 0)
System memory in use before: 95.8 MB.
System memory in use after: 96.0 MB.

Unloading 11 unused Assets to reduce memory usage. Loaded Objects now: 2790.
Total: 2.615000 ms (FindLiveObjects: 0.184700 ms CreateObjectMapping: 0.091800 ms MarkObjects: 2.317700 ms  DeleteObjects: 0.019800 ms)

AssetImportParameters requested are different than current active one (requested -> active):
  custom:framework-win-MediaFoundation: 216162199b28c13a410421893ffa2e32 -> 
  custom:video-decoder-ogg-theora: a1e56fd34408186e4bbccfd4996cb3dc -> 
  custom:container-muxer-webm: aa71ff27fc2769a1b78a27578f13a17b -> 
  custom:container-demuxer-webm: 4f35f7cbe854078d1ac9338744f61a02 -> 
  custom:container-demuxer-ogg: 62fdf1f143b41e24485cea50d1cbac27 -> 
  custom:video-encoder-webm-vp8: eb34c28f22e8b96e1ab97ce403110664 -> 
  custom:video-codec-MediaFoundation-h265: 746d11721c4dcdbdad8f713fa42b33f4 -> 
  custom:video-decoder-webm-vp8: 9c59270c3fd7afecdb556c50c9e8de78 -> 
  custom:audio-decoder-ogg-vorbis: bf7c407c2cedff20999df2af8eb42d56 -> 
  custom:audio-encoder-webm-vorbis: bf7c407c2cedff20999df2af8eb42d56 -> 
AssetImportWorkerClient::OnTransportError - code=2 error=End of file
